2026-06-06T20:54:55.0227698+00:00 ContainerStatus: State: Starting, Action: EstablishingSiteNetworks, LastError: , LastErrorTimestamp: 01/01/0001 00:00:00, LastErrorDetails: , Details: , DetailsLevel: INFO
2026-06-06T20:54:59.2331987+00:00 ContainerStatus: State: Starting, Action: StartingMsiContainer, LastError: , LastErrorTimestamp: 01/01/0001 00:00:00, LastErrorDetails: , Details: , DetailsLevel: INFO
2026-06-06T20:55:17.7052173+00:00 ContainerStatus: State: Starting, Action: StartingSiteContainers, LastError: , LastErrorTimestamp: 01/01/0001 00:00:00, LastErrorDetails: , Details: , DetailsLevel: INFO
2026-06-06T20:55:17.7068220+00:00 ContainerStatus: Container start method called.
2026-06-06T20:55:17.7139063+00:00 ContainerStatus: State: Starting, Action: PullingImage, LastError: , LastErrorTimestamp: 01/01/0001 00:00:00, LastErrorDetails: , Details: Pulling image 10.1.0.4:13209/appsvc/dotnetcore:10.0_20260504.4.tuxprod for idactions-portal., DetailsLevel: INFO
2026-06-06T20:55:17.7141676+00:00 ContainerStatus: Establishing network.
2026-06-06T20:55:17.7143058+00:00 ContainerStatus: Pulling image: appsvc/dotnetcore:10.0_20260504.4.tuxprod.
2026-06-06T20:56:21.4875346+00:00 ContainerStatus: Image appsvc/dotnetcore:10.0_20260504.4.tuxprod is pulled from registry 10.1.0.4:13209
2026-06-06T20:56:21.4961436+00:00 ContainerStatus: Container is starting.
2026-06-06T20:56:21.5136082+00:00 ContainerStatus: State: Starting, Action: MountingVolumes, LastError: , LastErrorTimestamp: 01/01/0001 00:00:00, LastErrorDetails: , Details: Mounting volumes for idactions-portal., DetailsLevel: INFO
2026-06-06T20:56:21.5149349+00:00 ContainerStatus: Establishing user namespace if not established already.
2026-06-06T20:56:21.5155247+00:00 ContainerStatus: Establishing network if not established already.
2026-06-06T20:56:21.5162583+00:00 ContainerStatus: Mounting volumes.
2026-06-06T20:56:21.5259980+00:00 ContainerStatus: Nested mountpoint site/wwwroot
2026-06-06T20:56:21.5884771+00:00 ContainerStatus: Nested mountpoint volatile/logs
2026-06-06T20:56:21.6155511+00:00 ContainerStatus: Nested mountpoint 
2026-06-06T20:56:21.7227764+00:00 ContainerStatus: Nested mountpoint 
2026-06-06T20:56:21.7907954+00:00 ContainerStatus: Nested mountpoint 
2026-06-06T20:56:21.8007083+00:00 ContainerStatus: Nested mountpoint 
2026-06-06T20:56:23.4220479+00:00 ContainerStatus: State: Starting, Action: CreatingContainer, LastError: , LastErrorTimestamp: 01/01/0001 00:00:00, LastErrorDetails: , Details: Finished pulling container image and mounting volumes for idactions-portal. Allocatinng the rest of the container resources to finish container creation., DetailsLevel: INFO
2026-06-06T20:56:23.4303224+00:00 ContainerStatus: Creating container.
2026-06-06T20:56:23.4311205+00:00 ContainerStatus: Creating pipes for streaming container io.
2026-06-06T20:56:23.4318639+00:00 ContainerStatus: Creating stdout named pipe at /podr/container/pipe/7d33d0ebc373_idactions-portal/stdout_9cc8a553afba4525bdd9d1be4999ca97.
2026-06-06T20:56:23.4396811+00:00 ContainerStatus: Successfully created stdout named pipe at: /podr/container/pipe/7d33d0ebc373_idactions-portal/stdout_9cc8a553afba4525bdd9d1be4999ca97.
2026-06-06T20:56:23.4415096+00:00 ContainerStatus: Opening named pipe /podr/container/pipe/7d33d0ebc373_idactions-portal/stdout_9cc8a553afba4525bdd9d1be4999ca97 for reading in non-blocking mode.
2026-06-06T20:56:23.4491981+00:00 ContainerStatus: Successfully opened named pipe: /podr/container/pipe/7d33d0ebc373_idactions-portal/stdout_9cc8a553afba4525bdd9d1be4999ca97.
2026-06-06T20:56:23.4497410+00:00 ContainerStatus: Successfully removed non-blocking flag from /podr/container/pipe/7d33d0ebc373_idactions-portal/stdout_9cc8a553afba4525bdd9d1be4999ca97.
2026-06-06T20:56:23.4509111+00:00 ContainerStatus: Creating stderr named pipe at /podr/container/pipe/7d33d0ebc373_idactions-portal/stderr_58c83b58cedb4ad4a37f15bcd01077cd.
2026-06-06T20:56:23.4591459+00:00 ContainerStatus: Successfully created stderr named pipe at: /podr/container/pipe/7d33d0ebc373_idactions-portal/stderr_58c83b58cedb4ad4a37f15bcd01077cd.
2026-06-06T20:56:23.4598325+00:00 ContainerStatus: Opening named pipe /podr/container/pipe/7d33d0ebc373_idactions-portal/stderr_58c83b58cedb4ad4a37f15bcd01077cd for reading in non-blocking mode.
2026-06-06T20:56:23.4604818+00:00 ContainerStatus: Successfully opened named pipe: /podr/container/pipe/7d33d0ebc373_idactions-portal/stderr_58c83b58cedb4ad4a37f15bcd01077cd.
2026-06-06T20:56:23.4682329+00:00 ContainerStatus: Successfully removed non-blocking flag from /podr/container/pipe/7d33d0ebc373_idactions-portal/stderr_58c83b58cedb4ad4a37f15bcd01077cd.
2026-06-06T20:56:23.4699654+00:00 ContainerStatus: Creating container with image: appsvc/dotnetcore:10.0_20260504.4.tuxprod from registry: 10.1.0.4:13209 and fully qualified image name: 10.1.0.4:13209/appsvc/dotnetcore:10.0_20260504.4.tuxprod
2026-06-06T20:56:24.0519409+00:00 ContainerStatus: Starting container: 7d33d0ebc373_idactions-portal.
2026-06-06T20:56:24.2127140+00:00 ContainerStatus: Starting watchers and probes.
2026-06-06T20:56:24.2227503+00:00 ContainerStatus: Starting metrics collection.
2026-06-06T20:56:24.2235923+00:00 ContainerStatus: Container is running.
2026-06-06T20:56:24.2244223+00:00 ContainerStatus: State: Starting, Action: CreatingContainer, LastError: , LastErrorTimestamp: 01/01/0001 00:00:00, LastErrorDetails: , Details: Container idactions-portal successfully created and is running., DetailsLevel: INFO
2026-06-06T20:56:24.6147172+00:00 ContainerStatus: Container start method finished after 66907 ms.
2026-06-06T20:56:24.6240992+00:00 ContainerStatus: State: Starting, Action: InitiatingSiteWarmUpProbe, LastError: , LastErrorTimestamp: 01/01/0001 00:00:00, LastErrorDetails: , Details: Container idactions-portal successfully created and is running., DetailsLevel: INFO
2026-06-06T20:56:24.7283165+00:00 ContainerStream:    _____                               
2026-06-06T20:56:24.7508114+00:00 ContainerStream:   /  _  \ __________ _________   ____  
2026-06-06T20:56:24.7695806+00:00 ContainerStream:  /  /_\  \\___   /  |  \_  __ \_/ __ \ 
2026-06-06T20:56:24.7696219+00:00 ContainerStream: /    |    \/    /|  |  /|  | \/\  ___/ 
2026-06-06T20:56:24.7696266+00:00 ContainerStream: \____|__  /_____ \____/ |__|    \___  >
2026-06-06T20:56:24.7696324+00:00 ContainerStream:         \/      \/                  \/ 
2026-06-06T20:56:24.7696424+00:00 ContainerStream: A P P   S E R V I C E   O N   L I N U X
2026-06-06T20:56:24.7696459+00:00 ContainerStream: 
2026-06-06T20:56:24.7696516+00:00 ContainerStream: Documentation       : http://aka.ms/webapp-linux
2026-06-06T20:56:24.7696574+00:00 ContainerStream: Dotnet quickstart   : https://aka.ms/dotnet-qs
2026-06-06T20:56:24.7696616+00:00 ContainerStream: ASP .NETCore Version: 10.0.7
2026-06-06T20:56:24.7696686+00:00 ContainerStream: Instance Name       : lw1sdlwk0001RC
2026-06-06T20:56:24.7696944+00:00 ContainerStream: Instance Id         : adc94444450d2bb21c47720c325686638f6e364ce040ede52532fcc68cc80932
2026-06-06T20:56:24.7696975+00:00 ContainerStream: 
2026-06-06T20:56:24.7697030+00:00 ContainerStream: Note: Any data outside '/home' is not persisted
2026-06-06T20:56:24.7902045+00:00 ContainerStatus: State: Starting, Action: WaitingForSiteWarmUpProbeSuccess, LastError: , LastErrorTimestamp: 01/01/0001 00:00:00, LastErrorDetails: , Details: Pinging warmup path to ensure container is ready to receive requests., DetailsLevel: INFO
2026-06-06T20:56:29.0990301+00:00 ContainerStream:  * Starting OpenBSD Secure Shell server sshd
2026-06-06T20:56:29.1505765+00:00 ContainerStream:    ...done.
2026-06-06T20:56:29.1712550+00:00 ContainerStream: WEBSITES_INCLUDE_CLOUD_CERTS is not set to true.
2026-06-06T20:56:29.2905024+00:00 ContainerStream: Updating certificates in /etc/ssl/certs...
2026-06-06T20:56:50.3026028+00:00 ContainerStream: rehash: warning: skipping duplicate certificate in SSLcom-TLS-Root-2022-ECC.pem
2026-06-06T20:56:50.3121448+00:00 ContainerStream: rehash: warning: skipping duplicate certificate in SSLcom-TLS-Root-2022-RSA.pem
2026-06-06T20:56:50.8628651+00:00 ContainerStream: rehash: warning: skipping ca-certificates.crt,it does not contain exactly one certificate or CRL
2026-06-06T20:56:50.9709917+00:00 ContainerStream: 4 added, 0 removed; done.
2026-06-06T20:56:50.9710744+00:00 ContainerStream: Running hooks in /etc/ca-certificates/update.d...
2026-06-06T20:56:50.9909242+00:00 ContainerStream: done.
2026-06-06T20:56:51.0117985+00:00 ContainerStream: CA certificates copied and updated successfully.
2026-06-06T20:56:51.2079137+00:00 ContainerStream:  * Starting periodic command scheduler cron
2026-06-06T20:56:51.2502442+00:00 ContainerStream:    ...done.
2026-06-06T20:56:51.2679217+00:00 ContainerStream: Running oryx create-script -appPath /home/site/wwwroot -output /opt/startup/startup.sh -defaultAppFilePath /defaulthome/hostingstart/hostingstart.dll     -bindPort 8080 -bindPort2 '' -userStartupCommand '' 
2026-06-06T20:56:51.5368874+00:00 ContainerStream: Could not find build manifest file at '/home/site/wwwroot/oryx-manifest.toml'
2026-06-06T20:56:51.5671241+00:00 ContainerStream: Could not find operation ID in manifest. Generating an operation id...
2026-06-06T20:56:51.5671937+00:00 ContainerStream: Build Operation ID: c5e0890e-6142-41da-88c3-2460dcfea3e7
2026-06-06T20:56:52.7627387+00:00 ContainerStream: 
2026-06-06T20:56:52.7682907+00:00 ContainerStream: Agent extension 
2026-06-06T20:56:52.7689743+00:00 ContainerStream: Before if loop >> DotNet Runtime 
2026-06-06T20:56:52.8271462+00:00 ContainerStream: DotNet Runtime 10.0Writing output script to '/opt/startup/startup.sh'
2026-06-06T20:56:52.9346110+00:00 ContainerStream: Trying to find the startup DLL name...
2026-06-06T20:56:52.9355913+00:00 ContainerStream: Found the startup D name: intune-wipe-portal.dll
2026-06-06T20:56:52.9446356+00:00 ContainerStream: Running the command: dotnet "intune-wipe-portal.dll"
2026-06-06T20:56:58.6679895+00:00 ContainerStream: info: Microsoft.Hosting.Lifetime[14]
2026-06-06T20:56:58.6680736+00:00 ContainerStream:       Now listening on: http://[::]:8080
2026-06-06T20:56:58.6972444+00:00 ContainerStream: info: Microsoft.Hosting.Lifetime[0]
2026-06-06T20:56:58.6973118+00:00 ContainerStream:       Application started. Press Ctrl+C to shut down.
2026-06-06T20:56:58.7064314+00:00 ContainerStream: info: Microsoft.Hosting.Lifetime[0]
2026-06-06T20:56:58.7065129+00:00 ContainerStream:       Hosting environment: Production
2026-06-06T20:56:58.7181219+00:00 ContainerStream: info: Microsoft.Hosting.Lifetime[0]
2026-06-06T20:56:58.7181834+00:00 ContainerStream:       Content root path: /home/site/wwwroot
2026-06-06T20:56:59.2947131+00:00 ContainerStream: warn: Microsoft.AspNetCore.HttpsPolicy.HttpsRedirectionMiddleware[3]
2026-06-06T20:56:59.2947921+00:00 ContainerStream:       Failed to determine the https port for redirect.
2026-06-06T20:57:10.6258369+00:00 ContainerStatus: Site startup probe succeeded after 45.7473017 seconds.
2026-06-06T20:57:10.9724627+00:00 ContainerStatus: State: Starting, Action: WarmUpProbeSucceeded, LastError: , LastErrorTimestamp: 01/01/0001 00:00:00, LastErrorDetails: , Details: Site startup probe succeeded after 45.7473017 seconds., DetailsLevel: INFO
2026-06-06T20:57:11.8848034+00:00 ContainerStatus: Site is running with deployment version: fc196849-68fa-4f3b-ae3b-2b90bae00a79
2026-06-06T20:57:11.8864732+00:00 ContainerStatus: Site started.
2026-06-06T20:57:11.8872261+00:00 ContainerStatus: State: Started, Action: None, LastError: , LastErrorTimestamp: 01/01/0001 00:00:00, LastErrorDetails: , Details: Site started at 06/06/2026 20:57:11 (UTC), DetailsLevel: INFO
2026-06-06T20:57:12.1173413+00:00 ContainerStatus: Site is running with patch version DOTNETCORE 10.0.7
========== New Cold Start Attempt (2026-06-06T21:04:18.6803451+00:00) ==========
2026-06-06T21:04:18.6803451+00:00 ContainerStream: info: Microsoft.IdentityModel.LoggingExtensions.IdentityLoggerAdapter[0]
2026-06-06T21:04:18.6803854+00:00 ContainerStream:       Microsoft.IdentityModel Version: 8.18.0.0. Date 06/06/2026 21:04:18. PII logging is OFF. See https://aka.ms/IdentityModel/PII for details. 
2026-06-06T21:04:18.6803883+00:00 ContainerStream:       IDX10242: Security token: '[PII of type 'Microsoft.IdentityModel.JsonWebTokens.JsonWebToken' is hidden. For more details, see https://aka.ms/IdentityModel/PII.]' has a valid signature.
2026-06-06T21:04:18.6992152+00:00 ContainerStream: info: Microsoft.IdentityModel.LoggingExtensions.IdentityLoggerAdapter[0]
2026-06-06T21:04:18.6992730+00:00 ContainerStream:       IDX10239: Lifetime of the token is valid.
2026-06-06T21:04:18.7107787+00:00 ContainerStream: info: Microsoft.IdentityModel.LoggingExtensions.IdentityLoggerAdapter[0]
2026-06-06T21:04:18.7108363+00:00 ContainerStream:       IDX10234: Audience Validated.Audience: 'd40d7adc-9ac1-4256-b896-4459ee315ce5'
2026-06-06T21:04:20.1157438+00:00 ContainerStream: info: Microsoft.IdentityModel.LoggingExtensions.IdentityLoggerAdapter[0]
2026-06-06T21:04:20.1161730+00:00 ContainerStream:       IDX10245: Creating claims identity from the validated token: '[PII of type 'Microsoft.IdentityModel.JsonWebTokens.JsonWebToken' is hidden. For more details, see https://aka.ms/IdentityModel/PII.]'.
2026-06-06T21:04:20.1718303+00:00 ContainerStream: info: Microsoft.IdentityModel.LoggingExtensions.IdentityLoggerAdapter[0]
2026-06-06T21:04:20.1718965+00:00 ContainerStream:       IDX21305: OpenIdConnectProtocolValidationContext.ProtocolMessage.Code is null, there is no 'code' in the OpenIdConnect Response to validate.
2026-06-06T21:04:20.1821056+00:00 ContainerStream: info: Microsoft.IdentityModel.LoggingExtensions.IdentityLoggerAdapter[0]
2026-06-06T21:04:20.1825538+00:00 ContainerStream:       IDX21310: OpenIdConnectProtocolValidationContext.ProtocolMessage.AccessToken is null, there is no 'token' in the OpenIdConnect Response to validate.
2026-06-06T21:04:57.4319622+00:00 ContainerStream: warn: Microsoft.AspNetCore.Authentication.OpenIdConnect.OpenIdConnectHandler[15]
2026-06-06T21:04:57.4320291+00:00 ContainerStream:       '.AspNetCore.Correlation.8Jic_IMIMljJKqt8tF6INpSMm_uvmvEiqVAFZNr9DmQ' cookie not found.
2026-06-06T21:04:57.6120715+00:00 ContainerStream: fail: Microsoft.AspNetCore.Diagnostics.ExceptionHandlerMiddleware[1]
2026-06-06T21:04:57.6121335+00:00 ContainerStream:       An unhandled exception has occurred while executing the request.
2026-06-06T21:04:57.6129855+00:00 ContainerStream:       Microsoft.AspNetCore.Authentication.AuthenticationFailureException: An error was encountered while handling the remote login.
2026-06-06T21:04:57.6129992+00:00 ContainerStream:        ---> Microsoft.AspNetCore.Authentication.AuthenticationFailureException: Correlation failed.
2026-06-06T21:04:57.6130017+00:00 ContainerStream:          --- End of inner exception stack trace ---
2026-06-06T21:04:57.6294106+00:00 ContainerStream:          at Microsoft.AspNetCore.Authentication.RemoteAuthenticationHandler`1.HandleRequestAsync()
2026-06-06T21:04:57.6294565+00:00 ContainerStream:          at Microsoft.AspNetCore.Authentication.AuthenticationMiddleware.Invoke(HttpContext context)
2026-06-06T21:04:57.6294670+00:00 ContainerStream:          at Microsoft.AspNetCore.Diagnostics.StatusCodePagesMiddleware.Invoke(HttpContext context)
2026-06-06T21:04:57.6294695+00:00 ContainerStream:          at Microsoft.AspNetCore.Diagnostics.ExceptionHandlerMiddlewareImpl.<Invoke>g__Awaited|10_0(ExceptionHandlerMiddlewareImpl middleware, HttpContext context, Task task)
2026-06-06T21:04:58.5347750+00:00 ContainerStream: info: Microsoft.IdentityModel.LoggingExtensions.IdentityLoggerAdapter[0]
2026-06-06T21:04:58.5348242+00:00 ContainerStream:       IDX10242: Security token: '[PII of type 'Microsoft.IdentityModel.JsonWebTokens.JsonWebToken' is hidden. For more details, see https://aka.ms/IdentityModel/PII.]' has a valid signature.
2026-06-06T21:04:58.5364547+00:00 ContainerStream: info: Microsoft.IdentityModel.LoggingExtensions.IdentityLoggerAdapter[0]
2026-06-06T21:04:58.5364726+00:00 ContainerStream:       IDX10239: Lifetime of the token is valid.
2026-06-06T21:04:58.5364748+00:00 ContainerStream: info: Microsoft.IdentityModel.LoggingExtensions.IdentityLoggerAdapter[0]
2026-06-06T21:04:58.5364766+00:00 ContainerStream:       IDX10234: Audience Validated.Audience: 'd40d7adc-9ac1-4256-b896-4459ee315ce5'
2026-06-06T21:04:58.5368369+00:00 ContainerStream: info: Microsoft.IdentityModel.LoggingExtensions.IdentityLoggerAdapter[0]
2026-06-06T21:04:58.5455923+00:00 ContainerStream:       IDX10245: Creating claims identity from the validated token: '[PII of type 'Microsoft.IdentityModel.JsonWebTokens.JsonWebToken' is hidden. For more details, see https://aka.ms/IdentityModel/PII.]'.
2026-06-06T21:04:58.5456146+00:00 ContainerStream: info: Microsoft.IdentityModel.LoggingExtensions.IdentityLoggerAdapter[0]
2026-06-06T21:04:58.5456172+00:00 ContainerStream:       IDX21305: OpenIdConnectProtocolValidationContext.ProtocolMessage.Code is null, there is no 'code' in the OpenIdConnect Response to validate.
2026-06-06T21:04:58.5456190+00:00 ContainerStream: info: Microsoft.IdentityModel.LoggingExtensions.IdentityLoggerAdapter[0]
2026-06-06T21:04:58.5456216+00:00 ContainerStream:       IDX21310: OpenIdConnectProtocolValidationContext.ProtocolMessage.AccessToken is null, there is no 'token' in the OpenIdConnect Response to validate.
2026-06-06T21:05:12.6532013+00:00 ContainerStream: fail: IntuneWipePortal.Services.AuditQueryService[0]
2026-06-06T21:05:12.6532495+00:00 ContainerStream:       KQL query failed (window=1.00:00:00)
2026-06-06T21:05:12.6532519+00:00 ContainerStream:       Azure.RequestFailedException: The request had some invalid properties
2026-06-06T21:05:12.6532537+00:00 ContainerStream:       Status: 400 (Bad Request)
2026-06-06T21:05:12.6532622+00:00 ContainerStream:       ErrorCode: BadArgumentError
2026-06-06T21:05:12.6532637+00:00 ContainerStream:       
2026-06-06T21:05:12.6532652+00:00 ContainerStream:       Content:
2026-06-06T21:05:12.6532760+00:00 ContainerStream:       {"error":{"message":"The request had some invalid properties","code":"BadArgumentError","correlationId":"e38291a7-402b-4e07-abb2-45018ecd161f","innererror":{"code":"SyntaxError","message":"A recognition error occurred in the query.","innererror":{"code":"SYN0002","message":"Query could not be parsed at 'latest' on line [20,5]","line":20,"pos":5,"token":"latest"}}}}
2026-06-06T21:05:12.6532775+00:00 ContainerStream:       
2026-06-06T21:05:12.6532790+00:00 ContainerStream:       Headers:
2026-06-06T21:05:12.6532806+00:00 ContainerStream:       Date: Sat, 06 Jun 2026 21:05:12 GMT
2026-06-06T21:05:12.6532821+00:00 ContainerStream:       Connection: keep-alive
2026-06-06T21:05:12.6532838+00:00 ContainerStream:       Via: REDACTED
2026-06-06T21:05:12.6532855+00:00 ContainerStream:       X-Content-Type-Options: REDACTED
2026-06-06T21:05:12.6532893+00:00 ContainerStream:       x-ms-request-id: e38291a7-402b-4e07-abb2-45018ecd161f
2026-06-06T21:05:12.6532910+00:00 ContainerStream:       Access-Control-Allow-Origin: REDACTED
2026-06-06T21:05:12.6532926+00:00 ContainerStream:       Access-Control-Expose-Headers: REDACTED
2026-06-06T21:05:12.6533087+00:00 ContainerStream:       Strict-Transport-Security: REDACTED
2026-06-06T21:05:12.6533105+00:00 ContainerStream:       Content-Type: application/json; charset=utf-8
2026-06-06T21:05:12.6533121+00:00 ContainerStream:       Content-Length: 367
2026-06-06T21:05:12.6533136+00:00 ContainerStream:       
2026-06-06T21:05:12.6533158+00:00 ContainerStream:          at Azure.Monitor.Query.LogsQueryClient.ExecuteAsync(String id, String query, QueryTimeRange timeRange, LogsQueryOptions options, Boolean async, Boolean isWorkspace, CancellationToken cancellationToken)
2026-06-06T21:05:12.6533180+00:00 ContainerStream:          at Azure.Monitor.Query.LogsQueryClient.QueryWorkspaceAsync(String workspaceId, String query, QueryTimeRange timeRange, LogsQueryOptions options, CancellationToken cancellationToken)
2026-06-06T21:05:12.6533222+00:00 ContainerStream:          at IntuneWipePortal.Services.AuditQueryService.ExecuteAsync[T](String query, TimeSpan window, CancellationToken ct, Func`2 map) in C:\Users\robgrame\source\repos\intune-wipe-portal\Services\AuditQueryService.cs:line 322
2026-06-06T21:08:59.2442955+00:00 ContainerStream: fail: IntuneWipePortal.Services.AuditQueryService[0]
2026-06-06T21:08:59.2443460+00:00 ContainerStream:       KQL query failed (window=1.00:00:00)
2026-06-06T21:08:59.2443484+00:00 ContainerStream:       Azure.RequestFailedException: The request had some invalid properties
2026-06-06T21:08:59.2443500+00:00 ContainerStream:       Status: 400 (Bad Request)
2026-06-06T21:08:59.2443516+00:00 ContainerStream:       ErrorCode: BadArgumentError
2026-06-06T21:08:59.2443531+00:00 ContainerStream:       
2026-06-06T21:08:59.2444393+00:00 ContainerStream:       Content:
2026-06-06T21:08:59.2444437+00:00 ContainerStream:       {"error":{"message":"The request had some invalid properties","code":"BadArgumentError","correlationId":"46e8920d-7644-4f67-b6c8-77714a8f3369","innererror":{"code":"SyntaxError","message":"A recognition error occurred in the query.","innererror":{"code":"SYN0002","message":"Query could not be parsed at 'latest' on line [20,5]","line":20,"pos":5,"token":"latest"}}}}
2026-06-06T21:08:59.2444453+00:00 ContainerStream:       
2026-06-06T21:08:59.2444468+00:00 ContainerStream:       Headers:
2026-06-06T21:08:59.2444516+00:00 ContainerStream:       Date: Sat, 06 Jun 2026 21:08:59 GMT
2026-06-06T21:08:59.2444532+00:00 ContainerStream:       Connection: keep-alive
2026-06-06T21:08:59.2444547+00:00 ContainerStream:       Via: REDACTED
2026-06-06T21:08:59.2444563+00:00 ContainerStream:       X-Content-Type-Options: REDACTED
2026-06-06T21:08:59.2444579+00:00 ContainerStream:       x-ms-request-id: 46e8920d-7644-4f67-b6c8-77714a8f3369
2026-06-06T21:08:59.2444595+00:00 ContainerStream:       Access-Control-Allow-Origin: REDACTED
2026-06-06T21:08:59.2444611+00:00 ContainerStream:       Access-Control-Expose-Headers: REDACTED
2026-06-06T21:08:59.2444627+00:00 ContainerStream:       Strict-Transport-Security: REDACTED
2026-06-06T21:08:59.2444643+00:00 ContainerStream:       Content-Type: application/json; charset=utf-8
2026-06-06T21:08:59.2444660+00:00 ContainerStream:       Content-Length: 367
2026-06-06T21:08:59.2444674+00:00 ContainerStream:       
2026-06-06T21:08:59.2444714+00:00 ContainerStream:          at Azure.Monitor.Query.LogsQueryClient.ExecuteAsync(String id, String query, QueryTimeRange timeRange, LogsQueryOptions options, Boolean async, Boolean isWorkspace, CancellationToken cancellationToken)
2026-06-06T21:08:59.2444736+00:00 ContainerStream:          at Azure.Monitor.Query.LogsQueryClient.QueryWorkspaceAsync(String workspaceId, String query, QueryTimeRange timeRange, LogsQueryOptions options, CancellationToken cancellationToken)
2026-06-06T21:08:59.2444759+00:00 ContainerStream:          at IntuneWipePortal.Services.AuditQueryService.ExecuteAsync[T](String query, TimeSpan window, CancellationToken ct, Func`2 map) in C:\Users\robgrame\source\repos\intune-wipe-portal\Services\AuditQueryService.cs:line 322
2026-06-06T21:09:00.6149776+00:00 ContainerStream: fail: IntuneWipePortal.Services.AuditQueryService[0]
2026-06-06T21:09:00.6150259+00:00 ContainerStream:       KQL query failed (window=1.00:00:00)
2026-06-06T21:09:00.6150283+00:00 ContainerStream:       Azure.RequestFailedException: The request had some invalid properties
2026-06-06T21:09:00.6150299+00:00 ContainerStream:       Status: 400 (Bad Request)
2026-06-06T21:09:00.6150315+00:00 ContainerStream:       ErrorCode: BadArgumentError
2026-06-06T21:09:00.6150329+00:00 ContainerStream:       
2026-06-06T21:09:00.6150344+00:00 ContainerStream:       Content:
2026-06-06T21:09:00.6150442+00:00 ContainerStream:       {"error":{"message":"The request had some invalid properties","code":"BadArgumentError","correlationId":"79b1e9b2-fbe1-46bf-9005-97e661ebc9c5","innererror":{"code":"SyntaxError","message":"A recognition error occurred in the query.","innererror":{"code":"SYN0002","message":"Query could not be parsed at 'latest' on line [20,5]","line":20,"pos":5,"token":"latest"}}}}
2026-06-06T21:09:00.6150461+00:00 ContainerStream:       
2026-06-06T21:09:00.6150476+00:00 ContainerStream:       Headers:
2026-06-06T21:09:00.6150492+00:00 ContainerStream:       Date: Sat, 06 Jun 2026 21:09:00 GMT
2026-06-06T21:09:00.6150507+00:00 ContainerStream:       Connection: keep-alive
2026-06-06T21:09:00.6150522+00:00 ContainerStream:       Via: REDACTED
2026-06-06T21:09:00.6150538+00:00 ContainerStream:       X-Content-Type-Options: REDACTED
2026-06-06T21:09:00.6150554+00:00 ContainerStream:       x-ms-request-id: 79b1e9b2-fbe1-46bf-9005-97e661ebc9c5
2026-06-06T21:09:00.6150570+00:00 ContainerStream:       Access-Control-Allow-Origin: REDACTED
2026-06-06T21:09:00.6150587+00:00 ContainerStream:       Access-Control-Expose-Headers: REDACTED
2026-06-06T21:09:00.6150604+00:00 ContainerStream:       Strict-Transport-Security: REDACTED
2026-06-06T21:09:00.6150640+00:00 ContainerStream:       Content-Type: application/json; charset=utf-8
2026-06-06T21:09:00.6150655+00:00 ContainerStream:       Content-Length: 367
2026-06-06T21:09:00.6150669+00:00 ContainerStream:       
2026-06-06T21:09:00.6150691+00:00 ContainerStream:          at Azure.Monitor.Query.LogsQueryClient.ExecuteAsync(String id, String query, QueryTimeRange timeRange, LogsQueryOptions options, Boolean async, Boolean isWorkspace, CancellationToken cancellationToken)
2026-06-06T21:09:00.6150712+00:00 ContainerStream:          at Azure.Monitor.Query.LogsQueryClient.QueryWorkspaceAsync(String workspaceId, String query, QueryTimeRange timeRange, LogsQueryOptions options, CancellationToken cancellationToken)
2026-06-06T21:09:00.6150735+00:00 ContainerStream:          at IntuneWipePortal.Services.AuditQueryService.ExecuteAsync[T](String query, TimeSpan window, CancellationToken ct, Func`2 map) in C:\Users\robgrame\source\repos\intune-wipe-portal\Services\AuditQueryService.cs:line 322
2026-06-06T21:09:01.3240632+00:00 ContainerStream: fail: IntuneWipePortal.Services.AuditQueryService[0]
2026-06-06T21:09:01.3240967+00:00 ContainerStream:       KQL query failed (window=1.00:00:00)
2026-06-06T21:09:01.3240993+00:00 ContainerStream:       Azure.RequestFailedException: The request had some invalid properties
2026-06-06T21:09:01.3241060+00:00 ContainerStream:       Status: 400 (Bad Request)
2026-06-06T21:09:01.3241078+00:00 ContainerStream:       ErrorCode: BadArgumentError
2026-06-06T21:09:01.3241092+00:00 ContainerStream:       
2026-06-06T21:09:01.3241107+00:00 ContainerStream:       Content:
2026-06-06T21:09:01.3241138+00:00 ContainerStream:       {"error":{"message":"The request had some invalid properties","code":"BadArgumentError","correlationId":"b0ac7a58-3181-47e5-bcd0-679baa965e78","innererror":{"code":"SyntaxError","message":"A recognition error occurred in the query.","innererror":{"code":"SYN0002","message":"Query could not be parsed at 'latest' on line [20,5]","line":20,"pos":5,"token":"latest"}}}}
2026-06-06T21:09:01.3241153+00:00 ContainerStream:       
2026-06-06T21:09:01.3241167+00:00 ContainerStream:       Headers:
2026-06-06T21:09:01.3241184+00:00 ContainerStream:       Date: Sat, 06 Jun 2026 21:09:01 GMT
2026-06-06T21:09:01.3241200+00:00 ContainerStream:       Connection: keep-alive
2026-06-06T21:09:01.3241215+00:00 ContainerStream:       Via: REDACTED
2026-06-06T21:09:01.3241231+00:00 ContainerStream:       X-Content-Type-Options: REDACTED
2026-06-06T21:09:01.3241273+00:00 ContainerStream:       x-ms-request-id: b0ac7a58-3181-47e5-bcd0-679baa965e78
2026-06-06T21:09:01.3241290+00:00 ContainerStream:       Access-Control-Allow-Origin: REDACTED
2026-06-06T21:09:01.3241306+00:00 ContainerStream:       Access-Control-Expose-Headers: REDACTED
2026-06-06T21:09:01.3241322+00:00 ContainerStream:       Strict-Transport-Security: REDACTED
2026-06-06T21:09:01.3241338+00:00 ContainerStream:       Content-Type: application/json; charset=utf-8
2026-06-06T21:09:01.3241353+00:00 ContainerStream:       Content-Length: 367
2026-06-06T21:09:01.3241367+00:00 ContainerStream:       
2026-06-06T21:09:01.3241389+00:00 ContainerStream:          at Azure.Monitor.Query.LogsQueryClient.ExecuteAsync(String id, String query, QueryTimeRange timeRange, LogsQueryOptions options, Boolean async, Boolean isWorkspace, CancellationToken cancellationToken)
2026-06-06T21:09:01.3241411+00:00 ContainerStream:          at Azure.Monitor.Query.LogsQueryClient.QueryWorkspaceAsync(String workspaceId, String query, QueryTimeRange timeRange, LogsQueryOptions options, CancellationToken cancellationToken)
2026-06-06T21:09:01.3241434+00:00 ContainerStream:          at IntuneWipePortal.Services.AuditQueryService.ExecuteAsync[T](String query, TimeSpan window, CancellationToken ct, Func`2 map) in C:\Users\robgrame\source\repos\intune-wipe-portal\Services\AuditQueryService.cs:line 322
2026-06-06T21:09:03.7306735+00:00 ContainerStream: fail: IntuneWipePortal.Services.AuditQueryService[0]
2026-06-06T21:09:03.7307298+00:00 ContainerStream:       KQL query failed (window=1.00:00:00)
2026-06-06T21:09:03.7307328+00:00 ContainerStream:       Azure.RequestFailedException: The request had some invalid properties
2026-06-06T21:09:03.7307346+00:00 ContainerStream:       Status: 400 (Bad Request)
2026-06-06T21:09:03.7307363+00:00 ContainerStream:       ErrorCode: BadArgumentError
2026-06-06T21:09:03.7307377+00:00 ContainerStream:       
2026-06-06T21:09:03.7313942+00:00 ContainerStream:       Content:
2026-06-06T21:09:03.7455275+00:00 ContainerStream:       {"error":{"message":"The request had some invalid properties","code":"BadArgumentError","correlationId":"c572466b-19f7-4552-b2a7-1c91059cbda6","innererror":{"code":"SyntaxError","message":"A recognition error occurred in the query.","innererror":{"code":"SYN0002","message":"Query could not be parsed at 'latest' on line [20,5]","line":20,"pos":5,"token":"latest"}}}}
2026-06-06T21:09:03.7456237+00:00 ContainerStream:       
2026-06-06T21:09:03.7456328+00:00 ContainerStream:       Headers:
2026-06-06T21:09:03.7456347+00:00 ContainerStream:       Date: Sat, 06 Jun 2026 21:09:03 GMT
2026-06-06T21:09:03.7456364+00:00 ContainerStream:       Connection: keep-alive
2026-06-06T21:09:03.7456380+00:00 ContainerStream:       Via: REDACTED
2026-06-06T21:09:03.7456396+00:00 ContainerStream:       X-Content-Type-Options: REDACTED
2026-06-06T21:09:03.7456413+00:00 ContainerStream:       x-ms-request-id: c572466b-19f7-4552-b2a7-1c91059cbda6
2026-06-06T21:09:03.7456429+00:00 ContainerStream:       Access-Control-Allow-Origin: REDACTED
2026-06-06T21:09:03.7456445+00:00 ContainerStream:       Access-Control-Expose-Headers: REDACTED
2026-06-06T21:09:03.7456460+00:00 ContainerStream:       Strict-Transport-Security: REDACTED
2026-06-06T21:09:03.7456476+00:00 ContainerStream:       Content-Type: application/json; charset=utf-8
2026-06-06T21:09:03.7456492+00:00 ContainerStream:       Content-Length: 367
2026-06-06T21:09:03.7456524+00:00 ContainerStream:       
2026-06-06T21:09:03.7456546+00:00 ContainerStream:          at Azure.Monitor.Query.LogsQueryClient.ExecuteAsync(String id, String query, QueryTimeRange timeRange, LogsQueryOptions options, Boolean async, Boolean isWorkspace, CancellationToken cancellationToken)
2026-06-06T21:09:03.7456568+00:00 ContainerStream:          at Azure.Monitor.Query.LogsQueryClient.QueryWorkspaceAsync(String workspaceId, String query, QueryTimeRange timeRange, LogsQueryOptions options, CancellationToken cancellationToken)
2026-06-06T21:09:03.7456590+00:00 ContainerStream:          at IntuneWipePortal.Services.AuditQueryService.ExecuteAsync[T](String query, TimeSpan window, CancellationToken ct, Func`2 map) in C:\Users\robgrame\source\repos\intune-wipe-portal\Services\AuditQueryService.cs:line 322
2026-06-06T21:09:23.6254625+00:00 ContainerStream: fail: IntuneWipePortal.Services.AuditQueryService[0]
2026-06-06T21:09:23.6255130+00:00 ContainerStream:       KQL query failed (window=1.00:00:00)
2026-06-06T21:09:23.6255155+00:00 ContainerStream:       Azure.RequestFailedException: The request had some invalid properties
2026-06-06T21:09:23.6255174+00:00 ContainerStream:       Status: 400 (Bad Request)
2026-06-06T21:09:23.6255190+00:00 ContainerStream:       ErrorCode: BadArgumentError
2026-06-06T21:09:23.6255204+00:00 ContainerStream:       
2026-06-06T21:09:23.6255292+00:00 ContainerStream:       Content:
2026-06-06T21:09:23.6255322+00:00 ContainerStream:       {"error":{"message":"The request had some invalid properties","code":"BadArgumentError","correlationId":"98320ae1-6f74-4cb9-9f57-d593cd11ff53","innererror":{"code":"SyntaxError","message":"A recognition error occurred in the query.","innererror":{"code":"SYN0002","message":"Query could not be parsed at 'latest' on line [20,5]","line":20,"pos":5,"token":"latest"}}}}
2026-06-06T21:09:23.6255339+00:00 ContainerStream:       
2026-06-06T21:09:23.6255354+00:00 ContainerStream:       Headers:
2026-06-06T21:09:23.6255370+00:00 ContainerStream:       Date: Sat, 06 Jun 2026 21:09:23 GMT
2026-06-06T21:09:23.6255386+00:00 ContainerStream:       Connection: keep-alive
2026-06-06T21:09:23.6255401+00:00 ContainerStream:       Via: REDACTED
2026-06-06T21:09:23.6255417+00:00 ContainerStream:       X-Content-Type-Options: REDACTED
2026-06-06T21:09:23.6255434+00:00 ContainerStream:       x-ms-request-id: 98320ae1-6f74-4cb9-9f57-d593cd11ff53
2026-06-06T21:09:23.6255450+00:00 ContainerStream:       Access-Control-Allow-Origin: REDACTED
2026-06-06T21:09:23.6255488+00:00 ContainerStream:       Access-Control-Expose-Headers: REDACTED
2026-06-06T21:09:23.6255504+00:00 ContainerStream:       Strict-Transport-Security: REDACTED
2026-06-06T21:09:23.6255520+00:00 ContainerStream:       Content-Type: application/json; charset=utf-8
2026-06-06T21:09:23.6255537+00:00 ContainerStream:       Content-Length: 367
2026-06-06T21:09:23.6255551+00:00 ContainerStream:       
2026-06-06T21:09:23.6255573+00:00 ContainerStream:          at Azure.Monitor.Query.LogsQueryClient.ExecuteAsync(String id, String query, QueryTimeRange timeRange, LogsQueryOptions options, Boolean async, Boolean isWorkspace, CancellationToken cancellationToken)
2026-06-06T21:09:23.6255595+00:00 ContainerStream:          at Azure.Monitor.Query.LogsQueryClient.QueryWorkspaceAsync(String workspaceId, String query, QueryTimeRange timeRange, LogsQueryOptions options, CancellationToken cancellationToken)
2026-06-06T21:09:23.6255618+00:00 ContainerStream:          at IntuneWipePortal.Services.AuditQueryService.ExecuteAsync[T](String query, TimeSpan window, CancellationToken ct, Func`2 map) in C:\Users\robgrame\source\repos\intune-wipe-portal\Services\AuditQueryService.cs:line 322
2026-06-06T21:09:26.2449822+00:00 ContainerStream: fail: IntuneWipePortal.Services.AuditQueryService[0]
2026-06-06T21:09:26.2450281+00:00 ContainerStream:       KQL query failed (window=1.00:00:00)
2026-06-06T21:09:26.2450632+00:00 ContainerStream:       Azure.RequestFailedException: The request had some invalid properties
2026-06-06T21:09:26.2450654+00:00 ContainerStream:       Status: 400 (Bad Request)
2026-06-06T21:09:26.2450670+00:00 ContainerStream:       ErrorCode: BadArgumentError
2026-06-06T21:09:26.2450684+00:00 ContainerStream:       
2026-06-06T21:09:26.2469479+00:00 ContainerStream:       Content:
2026-06-06T21:09:26.2469617+00:00 ContainerStream:       {"error":{"message":"The request had some invalid properties","code":"BadArgumentError","correlationId":"2bc9617c-08b5-41de-92b7-eed6174328fc","innererror":{"code":"SyntaxError","message":"A recognition error occurred in the query.","innererror":{"code":"SYN0002","message":"Query could not be parsed at 'latest' on line [20,5]","line":20,"pos":5,"token":"latest"}}}}
2026-06-06T21:09:26.2469635+00:00 ContainerStream:       
2026-06-06T21:09:26.2469652+00:00 ContainerStream:       Headers:
2026-06-06T21:09:26.2469669+00:00 ContainerStream:       Date: Sat, 06 Jun 2026 21:09:26 GMT
2026-06-06T21:09:26.2469684+00:00 ContainerStream:       Connection: keep-alive
2026-06-06T21:09:26.2469720+00:00 ContainerStream:       Via: REDACTED
2026-06-06T21:09:26.2469737+00:00 ContainerStream:       X-Content-Type-Options: REDACTED
2026-06-06T21:09:26.2469754+00:00 ContainerStream:       x-ms-request-id: 2bc9617c-08b5-41de-92b7-eed6174328fc
2026-06-06T21:09:26.2469769+00:00 ContainerStream:       Access-Control-Allow-Origin: REDACTED
2026-06-06T21:09:26.2469786+00:00 ContainerStream:       Access-Control-Expose-Headers: REDACTED
2026-06-06T21:09:26.2469803+00:00 ContainerStream:       Strict-Transport-Security: REDACTED
2026-06-06T21:09:26.2469819+00:00 ContainerStream:       Content-Type: application/json; charset=utf-8
2026-06-06T21:09:26.2469835+00:00 ContainerStream:       Content-Length: 367
2026-06-06T21:09:26.2469849+00:00 ContainerStream:       
2026-06-06T21:09:26.2470055+00:00 ContainerStream:          at Azure.Monitor.Query.LogsQueryClient.ExecuteAsync(String id, String query, QueryTimeRange timeRange, LogsQueryOptions options, Boolean async, Boolean isWorkspace, CancellationToken cancellationToken)
2026-06-06T21:09:26.2470096+00:00 ContainerStream:          at Azure.Monitor.Query.LogsQueryClient.QueryWorkspaceAsync(String workspaceId, String query, QueryTimeRange timeRange, LogsQueryOptions options, CancellationToken cancellationToken)
2026-06-06T21:09:26.2470119+00:00 ContainerStream:          at IntuneWipePortal.Services.AuditQueryService.ExecuteAsync[T](String query, TimeSpan window, CancellationToken ct, Func`2 map) in C:\Users\robgrame\source\repos\intune-wipe-portal\Services\AuditQueryService.cs:line 322
2026-06-06T21:09:38.1889361+00:00 ContainerStatus: State: Starting, Action: EstablishingSiteNetworks, LastError: , LastErrorTimestamp: 01/01/0001 00:00:00, LastErrorDetails: , Details: , DetailsLevel: INFO
2026-06-06T21:09:41.9611421+00:00 ContainerStatus: State: Starting, Action: StartingMsiContainer, LastError: , LastErrorTimestamp: 01/01/0001 00:00:00, LastErrorDetails: , Details: , DetailsLevel: INFO
2026-06-06T21:09:53.4915151+00:00 ContainerStatus: State: Starting, Action: StartingSiteContainers, LastError: , LastErrorTimestamp: 01/01/0001 00:00:00, LastErrorDetails: , Details: , DetailsLevel: INFO
2026-06-06T21:09:53.4920773+00:00 ContainerStatus: Container start method called.
2026-06-06T21:09:53.4926698+00:00 ContainerStatus: State: Starting, Action: PullingImage, LastError: , LastErrorTimestamp: 01/01/0001 00:00:00, LastErrorDetails: , Details: Pulling image 10.1.0.5:13209/appsvc/dotnetcore:10.0_20260504.4.tuxprod for idactions-portal., DetailsLevel: INFO
2026-06-06T21:09:53.4928120+00:00 ContainerStatus: Establishing network.
2026-06-06T21:09:53.4932142+00:00 ContainerStatus: Pulling image: appsvc/dotnetcore:10.0_20260504.4.tuxprod.
2026-06-06T21:09:53.7127142+00:00 ContainerStatus: Image appsvc/dotnetcore:10.0_20260504.4.tuxprod is pulled from registry 10.1.0.5:13209
2026-06-06T21:09:53.7128226+00:00 ContainerStatus: Container is starting.
2026-06-06T21:09:53.7129127+00:00 ContainerStatus: State: Starting, Action: MountingVolumes, LastError: , LastErrorTimestamp: 01/01/0001 00:00:00, LastErrorDetails: , Details: Mounting volumes for idactions-portal., DetailsLevel: INFO
2026-06-06T21:09:53.7129966+00:00 ContainerStatus: Establishing user namespace if not established already.
2026-06-06T21:09:53.7209901+00:00 ContainerStatus: Establishing network if not established already.
2026-06-06T21:09:53.7216656+00:00 ContainerStatus: Mounting volumes.
2026-06-06T21:09:53.7228874+00:00 ContainerStatus: Nested mountpoint site/wwwroot
2026-06-06T21:09:53.7895967+00:00 ContainerStatus: Nested mountpoint volatile/logs
2026-06-06T21:09:53.8075118+00:00 ContainerStatus: Nested mountpoint 
2026-06-06T21:09:53.9059979+00:00 ContainerStatus: Nested mountpoint 
2026-06-06T21:09:53.9269045+00:00 ContainerStatus: Nested mountpoint 
2026-06-06T21:09:53.9463444+00:00 ContainerStatus: Nested mountpoint 
2026-06-06T21:09:55.3206025+00:00 ContainerStatus: State: Starting, Action: CreatingContainer, LastError: , LastErrorTimestamp: 01/01/0001 00:00:00, LastErrorDetails: , Details: Finished pulling container image and mounting volumes for idactions-portal. Allocatinng the rest of the container resources to finish container creation., DetailsLevel: INFO
2026-06-06T21:09:55.3209160+00:00 ContainerStatus: Creating container.
2026-06-06T21:09:55.3210100+00:00 ContainerStatus: Creating pipes for streaming container io.
2026-06-06T21:09:55.3654958+00:00 ContainerStatus: Creating stdout named pipe at /podr/container/pipe/f01c55cc9708_idactions-portal/stdout_a6aa37efedb544c89f90e05865f2ecd4.
2026-06-06T21:09:55.3662101+00:00 ContainerStatus: Successfully created stdout named pipe at: /podr/container/pipe/f01c55cc9708_idactions-portal/stdout_a6aa37efedb544c89f90e05865f2ecd4.
2026-06-06T21:09:55.3667007+00:00 ContainerStatus: Opening named pipe /podr/container/pipe/f01c55cc9708_idactions-portal/stdout_a6aa37efedb544c89f90e05865f2ecd4 for reading in non-blocking mode.
2026-06-06T21:09:55.3668624+00:00 ContainerStatus: Successfully opened named pipe: /podr/container/pipe/f01c55cc9708_idactions-portal/stdout_a6aa37efedb544c89f90e05865f2ecd4.
2026-06-06T21:09:55.3669994+00:00 ContainerStatus: Successfully removed non-blocking flag from /podr/container/pipe/f01c55cc9708_idactions-portal/stdout_a6aa37efedb544c89f90e05865f2ecd4.
2026-06-06T21:09:55.4106923+00:00 ContainerStatus: Creating stderr named pipe at /podr/container/pipe/f01c55cc9708_idactions-portal/stderr_5d8f3dd47cf1493a8c96f4a143d96335.
2026-06-06T21:09:55.4108966+00:00 ContainerStatus: Successfully created stderr named pipe at: /podr/container/pipe/f01c55cc9708_idactions-portal/stderr_5d8f3dd47cf1493a8c96f4a143d96335.
2026-06-06T21:09:55.4109737+00:00 ContainerStatus: Opening named pipe /podr/container/pipe/f01c55cc9708_idactions-portal/stderr_5d8f3dd47cf1493a8c96f4a143d96335 for reading in non-blocking mode.
2026-06-06T21:09:55.4110606+00:00 ContainerStatus: Successfully opened named pipe: /podr/container/pipe/f01c55cc9708_idactions-portal/stderr_5d8f3dd47cf1493a8c96f4a143d96335.
2026-06-06T21:09:55.4111352+00:00 ContainerStatus: Successfully removed non-blocking flag from /podr/container/pipe/f01c55cc9708_idactions-portal/stderr_5d8f3dd47cf1493a8c96f4a143d96335.
2026-06-06T21:09:55.4129780+00:00 ContainerStatus: Creating container with image: appsvc/dotnetcore:10.0_20260504.4.tuxprod from registry: 10.1.0.5:13209 and fully qualified image name: 10.1.0.5:13209/appsvc/dotnetcore:10.0_20260504.4.tuxprod
2026-06-06T21:09:56.0259185+00:00 ContainerStatus: Starting container: f01c55cc9708_idactions-portal.
2026-06-06T21:09:56.1253485+00:00 ContainerStatus: Starting watchers and probes.
2026-06-06T21:09:56.1347647+00:00 ContainerStatus: Starting metrics collection.
2026-06-06T21:09:56.1353701+00:00 ContainerStatus: Container is running.
2026-06-06T21:09:56.1431331+00:00 ContainerStatus: State: Starting, Action: CreatingContainer, LastError: , LastErrorTimestamp: 01/01/0001 00:00:00, LastErrorDetails: , Details: Container idactions-portal successfully created and is running., DetailsLevel: INFO
2026-06-06T21:09:56.3980167+00:00 ContainerStatus: Container start method finished after 2905 ms.
2026-06-06T21:09:56.3988386+00:00 ContainerStatus: State: Starting, Action: InitiatingSiteWarmUpProbe, LastError: , LastErrorTimestamp: 01/01/0001 00:00:00, LastErrorDetails: , Details: Container idactions-portal successfully created and is running., DetailsLevel: INFO
2026-06-06T21:09:56.3989264+00:00 ContainerStatus: State: Starting, Action: WaitingForSiteWarmUpProbeSuccess, LastError: , LastErrorTimestamp: 01/01/0001 00:00:00, LastErrorDetails: , Details: Pinging warmup path to ensure container is ready to receive requests., DetailsLevel: INFO
2026-06-06T21:09:56.5768677+00:00 ContainerStream:    _____                               
2026-06-06T21:09:56.5770263+00:00 ContainerStream:   /  _  \ __________ _________   ____  
2026-06-06T21:09:56.5770307+00:00 ContainerStream:  /  /_\  \\___   /  |  \_  __ \_/ __ \ 
2026-06-06T21:09:56.5770331+00:00 ContainerStream: /    |    \/    /|  |  /|  | \/\  ___/ 
2026-06-06T21:09:56.5773118+00:00 ContainerStream: \____|__  /_____ \____/ |__|    \___  >
2026-06-06T21:09:56.5773177+00:00 ContainerStream:         \/      \/                  \/ 
2026-06-06T21:09:56.5773238+00:00 ContainerStream: A P P   S E R V I C E   O N   L I N U X
2026-06-06T21:09:56.5773260+00:00 ContainerStream: 
2026-06-06T21:09:56.5773289+00:00 ContainerStream: Documentation       : http://aka.ms/webapp-linux
2026-06-06T21:09:56.5773315+00:00 ContainerStream: Dotnet quickstart   : https://aka.ms/dotnet-qs
2026-06-06T21:09:56.5773339+00:00 ContainerStream: ASP .NETCore Version: 10.0.7
2026-06-06T21:09:56.5773363+00:00 ContainerStream: Instance Name       : lw1sdlwk0001RC
2026-06-06T21:09:56.5773410+00:00 ContainerStream: Instance Id         : adc94444450d2bb21c47720c325686638f6e364ce040ede52532fcc68cc80932
2026-06-06T21:09:56.5773432+00:00 ContainerStream: 
2026-06-06T21:09:56.5773454+00:00 ContainerStream: Note: Any data outside '/home' is not persisted
2026-06-06T21:09:59.6643162+00:00 ContainerStream:  * Starting OpenBSD Secure Shell server sshd
2026-06-06T21:09:59.7220633+00:00 ContainerStream:    ...done.
2026-06-06T21:09:59.7416143+00:00 ContainerStream: WEBSITES_INCLUDE_CLOUD_CERTS is not set to true.
2026-06-06T21:09:59.8077233+00:00 ContainerStream: Updating certificates in /etc/ssl/certs...
2026-06-06T21:10:27.0110623+00:00 ContainerStream: rehash: warning: skipping duplicate certificate in SSLcom-TLS-Root-2022-ECC.pem
2026-06-06T21:10:27.0212244+00:00 ContainerStream: rehash: warning: skipping duplicate certificate in SSLcom-TLS-Root-2022-RSA.pem
2026-06-06T21:10:27.4940723+00:00 ContainerStream: rehash: warning: skipping ca-certificates.crt,it does not contain exactly one certificate or CRL
2026-06-06T21:10:27.5494973+00:00 ContainerStream: 4 added, 0 removed; done.
2026-06-06T21:10:27.5500112+00:00 ContainerStream: Running hooks in /etc/ca-certificates/update.d...
2026-06-06T21:10:27.5601992+00:00 ContainerStream: done.
2026-06-06T21:10:27.5869628+00:00 ContainerStream: CA certificates copied and updated successfully.
2026-06-06T21:10:27.8103375+00:00 ContainerStream:  * Starting periodic command scheduler cron
2026-06-06T21:10:27.8511846+00:00 ContainerStream:    ...done.
2026-06-06T21:10:27.8606500+00:00 ContainerStream: Running oryx create-script -appPath /home/site/wwwroot -output /opt/startup/startup.sh -defaultAppFilePath /defaulthome/hostingstart/hostingstart.dll     -bindPort 8080 -bindPort2 '' -userStartupCommand '' 
2026-06-06T21:10:28.0275280+00:00 ContainerStream: Could not find build manifest file at '/home/site/wwwroot/oryx-manifest.toml'
2026-06-06T21:10:28.0394117+00:00 ContainerStream: Could not find operation ID in manifest. Generating an operation id...
2026-06-06T21:10:28.0779318+00:00 ContainerStream: Build Operation ID: ea62aba2-53e6-488b-8c2e-24a0c5e27355
2026-06-06T21:10:28.7137038+00:00 ContainerStream: 
2026-06-06T21:10:28.7231533+00:00 ContainerStream: Agent extension 
2026-06-06T21:10:28.7237691+00:00 ContainerStream: Before if loop >> DotNet Runtime 
2026-06-06T21:10:28.7720672+00:00 ContainerStream: DotNet Runtime 10.0Writing output script to '/opt/startup/startup.sh'
2026-06-06T21:10:28.8372421+00:00 ContainerStream:       Status: 400 (Bad Request)
2026-06-06T21:10:28.8372438+00:00 ContainerStream:       ErrorCode: BadArgumentError
2026-06-06T21:10:28.8372452+00:00 ContainerStream:       
2026-06-06T21:10:28.8372468+00:00 ContainerStream:       Content:
2026-06-06T21:10:28.8372500+00:00 ContainerStream:       {"error":{"message":"The request had some invalid properties","code":"BadArgumentError","correlationId":"347c78bf-1b7e-42bc-ba9f-d8bd317a1043","innererror":{"code":"SyntaxError","message":"A recognition error occurred in the query.","innererror":{"code":"SYN0002","message":"Query could not be parsed at 'latest' on line [20,5]","line":20,"pos":5,"token":"latest"}}}}
2026-06-06T21:10:28.8372513+00:00 ContainerStream:       
2026-06-06T21:10:28.8372528+00:00 ContainerStream:       Headers:
2026-06-06T21:10:28.8372544+00:00 ContainerStream:       Date: Sat, 06 Jun 2026 21:10:28 GMT
2026-06-06T21:10:28.8372584+00:00 ContainerStream:       Connection: keep-alive
2026-06-06T21:10:28.8372599+00:00 ContainerStream:       Via: REDACTED
2026-06-06T21:10:28.8372615+00:00 ContainerStream:       X-Content-Type-Options: REDACTED
2026-06-06T21:10:28.8372631+00:00 ContainerStream:       x-ms-request-id: 347c78bf-1b7e-42bc-ba9f-d8bd317a1043
2026-06-06T21:10:28.8372647+00:00 ContainerStream:       Access-Control-Allow-Origin: REDACTED
2026-06-06T21:10:28.8372663+00:00 ContainerStream:       Access-Control-Expose-Headers: REDACTED
2026-06-06T21:10:28.8372679+00:00 ContainerStream:       Strict-Transport-Security: REDACTED
2026-06-06T21:10:28.8372696+00:00 ContainerStream:       Content-Type: application/json; charset=utf-8
2026-06-06T21:10:28.8372711+00:00 ContainerStream:       Content-Length: 367
2026-06-06T21:10:28.8372725+00:00 ContainerStream:       
2026-06-06T21:10:28.8372748+00:00 ContainerStream:          at Azure.Monitor.Query.LogsQueryClient.ExecuteAsync(String id, String query, QueryTimeRange timeRange, LogsQueryOptions options, Boolean async, Boolean isWorkspace, CancellationToken cancellationToken)
2026-06-06T21:10:28.8372788+00:00 ContainerStream:          at Azure.Monitor.Query.LogsQueryClient.QueryWorkspaceAsync(String workspaceId, String query, QueryTimeRange timeRange, LogsQueryOptions options, CancellationToken cancellationToken)
2026-06-06T21:10:28.8372811+00:00 ContainerStream:          at IntuneWipePortal.Services.AuditQueryService.ExecuteAsync[T](String query, TimeSpan window, CancellationToken ct, Func`2 map) in C:\Users\robgrame\source\repos\intune-wipe-portal\Services\AuditQueryService.cs:line 322
2026-06-06T21:10:28.9124048+00:00 ContainerStream: Trying to find the startup DLL name...
2026-06-06T21:10:28.9289790+00:00 ContainerStream: Found the startup D name: intune-wipe-portal.dll
2026-06-06T21:10:28.9290099+00:00 ContainerStream: Running the command: dotnet "intune-wipe-portal.dll"
2026-06-06T21:10:36.5146840+00:00 ContainerStream: info: Microsoft.Hosting.Lifetime[14]
2026-06-06T21:10:36.5147494+00:00 ContainerStream:       Now listening on: http://[::]:8080
2026-06-06T21:10:36.6136489+00:00 ContainerStream: info: Microsoft.Hosting.Lifetime[0]
2026-06-06T21:10:36.6137170+00:00 ContainerStream:       Application started. Press Ctrl+C to shut down.
2026-06-06T21:10:36.6145647+00:00 ContainerStream: info: Microsoft.Hosting.Lifetime[0]
2026-06-06T21:10:36.6145852+00:00 ContainerStream:       Hosting environment: Production
2026-06-06T21:10:36.6234125+00:00 ContainerStream: info: Microsoft.Hosting.Lifetime[0]
2026-06-06T21:10:36.6234457+00:00 ContainerStream:       Content root path: /home/site/wwwroot
2026-06-06T21:10:37.9203624+00:00 ContainerStream: warn: Microsoft.AspNetCore.HttpsPolicy.HttpsRedirectionMiddleware[3]
2026-06-06T21:10:37.9204326+00:00 ContainerStream:       Failed to determine the https port for redirect.
2026-06-06T21:10:42.3272774+00:00 ContainerStatus: Site startup probe succeeded after 45.8913016 seconds.
2026-06-06T21:10:42.5603693+00:00 ContainerStatus: State: Starting, Action: WarmUpProbeSucceeded, LastError: , LastErrorTimestamp: 01/01/0001 00:00:00, LastErrorDetails: , Details: Site startup probe succeeded after 45.8913016 seconds., DetailsLevel: INFO
2026-06-06T21:10:43.5773282+00:00 ContainerStatus: Site is running with deployment version: f8699b9e-301b-4dec-bd6c-7c77e28f9517
2026-06-06T21:10:43.5868662+00:00 ContainerStatus: Site started.
2026-06-06T21:10:43.5883838+00:00 ContainerStatus: State: Started, Action: None, LastError: , LastErrorTimestamp: 01/01/0001 00:00:00, LastErrorDetails: , Details: Site started at 06/06/2026 21:10:43 (UTC), DetailsLevel: INFO
2026-06-06T21:10:43.6099811+00:00 ContainerStatus: Site is running with patch version DOTNETCORE 10.0.7
